<?xml version="1.0" encoding="UTF-8"?>
<testng-results ignored="0" total="1" passed="1" failed="0" skipped="0">
  <reporter-output>
  </reporter-output>
  <suite started-at="2024-05-05T17:06:43 IST" name="Default suite" finished-at="2024-05-05T17:06:47 IST" duration-ms="3389">
    <groups>
    </groups>
    <test started-at="2024-05-05T17:06:43 IST" name="Default test" finished-at="2024-05-05T17:06:47 IST" duration-ms="3389">
      <class name="com.assignment.fifth">
        <test-method signature="f()[pri:0, instance:com.assignment.fifth@a2431d0]" started-at="2024-05-05T17:06:43 IST" name="f" finished-at="2024-05-05T17:06:47 IST" duration-ms="3372" status="PASS">
          <reporter-output>
          </reporter-output>
        </test-method> <!-- f -->
      </class> <!-- com.assignment.fifth -->
    </test> <!-- Default test -->
  </suite> <!-- Default suite -->
</testng-results>
